This is pdfTeX, Version 3.1415926-1.40.10 (TeX Live 2009/Debian) (format=pdflatex 2012.10.11)  14 NOV 2013 18:13
entering extended mode
 %&-line parsing enabled.
**proposal.tex
(./proposal.tex
LaTeX2e <2009/09/24>
Babel <v3.8l> and hyphenation patterns for english, usenglishmax, dumylang, noh
yphenation, loaded.
(/usr/share/texmf-texlive/tex/latex/base/article.cls
Document Class: article 2007/10/19 v1.4h Standard LaTeX document class
(/usr/share/texmf-texlive/tex/latex/base/size10.clo
File: size10.clo 2007/10/19 v1.4h Standard LaTeX file (size option)
)
\c@part=\count79
\c@section=\count80
\c@subsection=\count81
\c@subsubsection=\count82
\c@paragraph=\count83
\c@subparagraph=\count84
\c@figure=\count85
\c@table=\count86
\abovecaptionskip=\skip41
\belowcaptionskip=\skip42
\bibindent=\dimen102
)
(/usr/share/texmf-texlive/tex/latex/amsmath/amsmath.sty
Package: amsmath 2000/07/18 v2.13 AMS math features
\@mathmargin=\skip43

For additional information on amsmath, use the `?' option.
(/usr/share/texmf-texlive/tex/latex/amsmath/amstext.sty
Package: amstext 2000/06/29 v2.01

(/usr/share/texmf-texlive/tex/latex/amsmath/amsgen.sty
File: amsgen.sty 1999/11/30 v2.0
\@emptytoks=\toks14
\ex@=\dimen103
))
(/usr/share/texmf-texlive/tex/latex/amsmath/amsbsy.sty
Package: amsbsy 1999/11/29 v1.2d
\pmbraise@=\dimen104
)
(/usr/share/texmf-texlive/tex/latex/amsmath/amsopn.sty
Package: amsopn 1999/12/14 v2.01 operator names
)
\inf@bad=\count87
LaTeX Info: Redefining \frac on input line 211.
\uproot@=\count88
\leftroot@=\count89
LaTeX Info: Redefining \overline on input line 307.
\classnum@=\count90
\DOTSCASE@=\count91
LaTeX Info: Redefining \ldots on input line 379.
LaTeX Info: Redefining \dots on input line 382.
LaTeX Info: Redefining \cdots on input line 467.
\Mathstrutbox@=\box26
\strutbox@=\box27
\big@size=\dimen105
LaTeX Font Info:    Redeclaring font encoding OML on input line 567.
LaTeX Font Info:    Redeclaring font encoding OMS on input line 568.
\macc@depth=\count92
\c@MaxMatrixCols=\count93
\dotsspace@=\muskip10
\c@parentequation=\count94
\dspbrk@lvl=\count95
\tag@help=\toks15
\row@=\count96
\column@=\count97
\maxfields@=\count98
\andhelp@=\toks16
\eqnshift@=\dimen106
\alignsep@=\dimen107
\tagshift@=\dimen108
\tagwidth@=\dimen109
\totwidth@=\dimen110
\lineht@=\dimen111
\@envbody=\toks17
\multlinegap=\skip44
\multlinetaggap=\skip45
\mathdisplay@stack=\toks18
LaTeX Info: Redefining \[ on input line 2666.
LaTeX Info: Redefining \] on input line 2667.
)
(/usr/share/texmf-texlive/tex/latex/base/latexsym.sty
Package: latexsym 1998/08/17 v2.2e Standard LaTeX package (lasy symbols)
\symlasy=\mathgroup4
LaTeX Font Info:    Overwriting symbol font `lasy' in version `bold'
(Font)                  U/lasy/m/n --> U/lasy/b/n on input line 47.
)
(/usr/share/texmf-texlive/tex/latex/graphics/graphicx.sty
Package: graphicx 1999/02/16 v1.0f Enhanced LaTeX Graphics (DPC,SPQR)

(/usr/share/texmf-texlive/tex/latex/graphics/keyval.sty
Package: keyval 1999/03/16 v1.13 key=value parser (DPC)
\KV@toks@=\toks19
)
(/usr/share/texmf-texlive/tex/latex/graphics/graphics.sty
Package: graphics 2009/02/05 v1.0o Standard LaTeX Graphics (DPC,SPQR)

(/usr/share/texmf-texlive/tex/latex/graphics/trig.sty
Package: trig 1999/03/16 v1.09 sin cos tan (DPC)
)
(/etc/texmf/tex/latex/config/graphics.cfg
File: graphics.cfg 2009/08/28 v1.8 graphics configuration of TeX Live
)
Package graphics Info: Driver file: pdftex.def on input line 91.

(/usr/share/texmf-texlive/tex/latex/pdftex-def/pdftex.def
File: pdftex.def 2010/03/12 v0.04p Graphics/color for pdfTeX
\Gread@gobject=\count99
))
\Gin@req@height=\dimen112
\Gin@req@width=\dimen113
)
(/usr/share/texmf-texlive/tex/latex/sidecap/sidecap.sty
Package: sidecap 2003/06/06 v1.6f SideCap Package (RN/HjG)

(/usr/share/texmf-texlive/tex/latex/base/ifthen.sty
Package: ifthen 2001/05/26 v1.1c Standard LaTeX ifthen package (DPC)
)
\SC@BOXWD=\dimen114
\SC@CAPWD=\dimen115
\SC@tempdima=\dimen116
\SC@tempdimb=\dimen117
\c@SC@C=\count100
\SC@BOX=\box28
)
(/usr/share/texmf-texlive/tex/latex/stmaryrd/stmaryrd.sty
Package: stmaryrd 1994/03/03 St Mary's Road symbol package
\symstmry=\mathgroup5
LaTeX Font Info:    Overwriting symbol font `stmry' in version `bold'
(Font)                  U/stmry/m/n --> U/stmry/b/n on input line 89.
)
(/usr/share/texmf-texlive/tex/latex/pdfpages/pdfpages.sty
Package: pdfpages 2009/02/07 v0.4g Insert pages of external PDF documents (AM)

(/usr/share/texmf-texlive/tex/latex/tools/calc.sty
Package: calc 2007/08/22 v4.3 Infix arithmetic (KKT,FJ)
\calc@Acount=\count101
\calc@Bcount=\count102
\calc@Adimen=\dimen118
\calc@Bdimen=\dimen119
\calc@Askip=\skip46
\calc@Bskip=\skip47
LaTeX Info: Redefining \setlength on input line 76.
LaTeX Info: Redefining \addtolength on input line 77.
\calc@Ccount=\count103
\calc@Cskip=\skip48
)
(/usr/share/texmf-texlive/tex/latex/eso-pic/eso-pic.sty
Package: eso-pic 2006/07/14 v1.1d eso-pic (RN)

(/usr/share/texmf-texlive/tex/latex/ms/everyshi.sty
Package: everyshi 2001/05/15 v3.00 EveryShipout Package (MS)
))
(/usr/share/texmf-texlive/tex/latex/pdfpages/pppdftex.def
File: pppdftex.def 2009/02/07 v0.4g Pdfpages driver for pdfTeX (AM)
)
\AM@pagebox=\box29
\AM@toc@title=\toks20
\c@AM@survey=\count104
\AM@templatesizebox=\box30
)
(/usr/share/texmf-texlive/tex/latex/wrapfig/wrapfig.sty
\wrapoverhang=\dimen120
\WF@size=\dimen121
\c@WF@wrappedlines=\count105
\WF@box=\box31
\WF@everypar=\toks21
Package: wrapfig 2003/01/31  v 3.6
)
(/usr/share/texmf-texlive/tex/latex/geometry/geometry.sty
Package: geometry 2008/12/21 v4.2 Page Geometry

(/usr/share/texmf-texlive/tex/generic/oberdiek/ifpdf.sty
Package: ifpdf 2009/04/10 v2.0 Provides the ifpdf switch (HO)
Package ifpdf Info: pdfTeX in pdf mode detected.
)
(/usr/share/texmf-texlive/tex/generic/oberdiek/ifvtex.sty
Package: ifvtex 2008/11/04 v1.4 Switches for detecting VTeX and its modes (HO)
Package ifvtex Info: VTeX not detected.
)
\Gm@cnth=\count106
\Gm@cntv=\count107
\c@Gm@tempcnt=\count108
\Gm@bindingoffset=\dimen122
\Gm@wd@mp=\dimen123
\Gm@odd@mp=\dimen124
\Gm@even@mp=\dimen125
\Gm@dimlist=\toks22
) (./proposal.aux)
\openout1 = `proposal.aux'.

LaTeX Font Info:    Checking defaults for OML/cmm/m/it on input line 12.
LaTeX Font Info:    ... okay on input line 12.
LaTeX Font Info:    Checking defaults for T1/cmr/m/n on input line 12.
LaTeX Font Info:    ... okay on input line 12.
LaTeX Font Info:    Checking defaults for OT1/cmr/m/n on input line 12.
LaTeX Font Info:    ... okay on input line 12.
LaTeX Font Info:    Checking defaults for OMS/cmsy/m/n on input line 12.
LaTeX Font Info:    ... okay on input line 12.
LaTeX Font Info:    Checking defaults for OMX/cmex/m/n on input line 12.
LaTeX Font Info:    ... okay on input line 12.
LaTeX Font Info:    Checking defaults for U/cmr/m/n on input line 12.
LaTeX Font Info:    ... okay on input line 12.

(/usr/share/texmf-texlive/tex/context/base/supp-pdf.mkii
[Loading MPS to PDF converter (version 2006.09.02).]
\scratchcounter=\count109
\scratchdimen=\dimen126
\scratchbox=\box32
\nofMPsegments=\count110
\nofMParguments=\count111
\everyMPshowfont=\toks23
\MPscratchCnt=\count112
\MPscratchDim=\dimen127
\MPnumerator=\count113
\everyMPtoPDFconversion=\toks24
) (/usr/share/texmf-texlive/tex/latex/ms/ragged2e.sty
Package: ragged2e 2009/05/21 v2.1 ragged2e Package (MS)

(/usr/share/texmf-texlive/tex/latex/ms/everysel.sty
Package: everysel 1999/06/08 v1.03 EverySelectfont Package (MS)
LaTeX Info: Redefining \selectfont on input line 125.
)
\CenteringLeftskip=\skip49
\RaggedLeftLeftskip=\skip50
\RaggedRightLeftskip=\skip51
\CenteringRightskip=\skip52
\RaggedLeftRightskip=\skip53
\RaggedRightRightskip=\skip54
\CenteringParfillskip=\skip55
\RaggedLeftParfillskip=\skip56
\RaggedRightParfillskip=\skip57
\JustifyingParfillskip=\skip58
\CenteringParindent=\skip59
\RaggedLeftParindent=\skip60
\RaggedRightParindent=\skip61
\JustifyingParindent=\skip62
)
ABD: EveryShipout initializing macros
(/usr/share/texmf-texlive/tex/latex/graphics/color.sty
Package: color 2005/11/14 v1.0j Standard LaTeX Color (DPC)

(/etc/texmf/tex/latex/config/color.cfg
File: color.cfg 2007/01/18 v1.5 color configuration of teTeX/TeXLive
)
Package color Info: Driver file: pdftex.def on input line 130.
)
*geometry auto-detecting driver*
*geometry detected driver: pdftex*
-------------------- Geometry parameters
paper: a4paper
landscape: --
twocolumn: --
twoside: --
asymmetric: --
h-parts: 36.135pt, 525.23788pt, 36.135pt
v-parts: 36.135pt, 772.77686pt, 36.135pt
hmarginratio: --
vmarginratio: --
lines: --
heightrounded: --
bindingoffset: 0.0pt
truedimen: --
includehead: --
includefoot: --
includemp: --
driver: pdftex
-------------------- Page layout dimensions and switches
\paperwidth  597.50787pt
\paperheight 845.04684pt
\textwidth  525.23788pt
\textheight 772.77686pt
\oddsidemargin  -36.135pt
\evensidemargin -36.135pt
\topmargin  -73.135pt
\headheight 12.0pt
\headsep    25.0pt
\footskip   30.0pt
\marginparwidth 57.0pt
\marginparsep   11.0pt
\columnsep  10.0pt
\skip\footins  9.0pt plus 4.0pt minus 2.0pt
\hoffset 0.0pt
\voffset 0.0pt
\mag 1000

(1in=72.27pt, 1cm=28.45pt)
-----------------------
LaTeX Font Info:    Try loading font information for U+lasy on input line 25.
(/usr/share/texmf-texlive/tex/latex/base/ulasy.fd
File: ulasy.fd 1998/08/17 v2.2e LaTeX symbol font definitions
)
LaTeX Font Info:    Try loading font information for U+stmry on input line 25.

(/usr/share/texmf-texlive/tex/latex/stmaryrd/Ustmry.fd) [1

{/var/lib/texmf/fonts/map/pdftex/updmap/pdftex.map}]
Underfull \hbox (badness 10000) in paragraph at lines 38--45

 []


Underfull \hbox (badness 10000) in paragraph at lines 38--45

 []


Underfull \hbox (badness 10000) in paragraph at lines 38--45

 []

Missing character: There is no â in font cmtt10!
Missing character: There is no † in font cmtt10!
Missing character: There is no ’ in font cmtt10!
Missing character: There is no â in font cmtt10!
Missing character: There is no † in font cmtt10!
Missing character: There is no ’ in font cmtt10!

Underfull \hbox (badness 10000) in paragraph at lines 55--58

 []

[1

] [2] (./proposal.aux) ) 
Here is how much of TeX's memory you used:
 3055 strings out of 495061
 41073 string characters out of 1182620
 104793 words of memory out of 3000000
 6184 multiletter control sequences out of 15000+50000
 12055 words of font info for 49 fonts, out of 3000000 for 9000
 28 hyphenation exceptions out of 8191
 28i,9n,35p,724b,217s stack positions out of 5000i,500n,10000p,200000b,50000s
</usr/share/texmf-texlive/fonts/type1/public/amsfonts/c
m/cmbx10.pfb></usr/share/texmf-texlive/fonts/type1/public/amsfonts/cm/cmbx12.pf
b></usr/share/texmf-texlive/fonts/type1/public/amsfonts/cm/cmbxti10.pfb></usr/s
hare/texmf-texlive/fonts/type1/public/amsfonts/cm/cmmi10.pfb></usr/share/texmf-
texlive/fonts/type1/public/amsfonts/cm/cmmi7.pfb></usr/share/texmf-texlive/font
s/type1/public/amsfonts/cm/cmr10.pfb></usr/share/texmf-texlive/fonts/type1/publ
ic/amsfonts/cm/cmr12.pfb></usr/share/texmf-texlive/fonts/type1/public/amsfonts/
cm/cmr17.pfb></usr/share/texmf-texlive/fonts/type1/public/amsfonts/cm/cmsy10.pf
b></usr/share/texmf-texlive/fonts/type1/public/amsfonts/cm/cmsy7.pfb></usr/shar
e/texmf-texlive/fonts/type1/public/amsfonts/cm/cmti10.pfb></usr/share/texmf-tex
live/fonts/type1/public/amsfonts/cm/cmtt10.pfb></usr/share/texmf-texlive/fonts/
type1/public/amsfonts/latxfont/lasy10.pfb></usr/share/texmf-texlive/fonts/type1
/hoekwater/stmaryrd/stmary10.pfb>
Output written on proposal.pdf (3 pages, 174665 bytes).
PDF statistics:
 68 PDF objects out of 1000 (max. 8388607)
 0 named destinations out of 1000 (max. 500000)
 1 words of extra memory for PDF output out of 10000 (max. 10000000)

