This is pdfTeX, Version 3.1415926-1.40.10 (TeX Live 2009/Debian) (format=pdftex 2014.4.9)  9 APR 2014 15:45
entering extended mode
 %&-line parsing enabled.
**dissertation.tex
(./dissertation.tex
! Undefined control sequence.
l.1 \documentclass
                  [12pt]{report}
? df
Type <return> to proceed, S to scroll future error messages,
R to run without stopping, Q to run quietly,
I to insert something, E to edit your file,
1 or ... or 9 to ignore the next 1 to 9 tokens of input,
H for help, X to quit.
? 
! Undefined control sequence.
l.2 \usepackage
               [a4paper, top=3cm, bottom=3cm]{geometry}
? 
! Undefined control sequence.
l.3 \usepackage
               [latin1]{inputenc}
? 
! Undefined control sequence.
l.4 \usepackage
               {setspace}
? 
! Undefined control sequence.
l.5 \usepackage
               {fancyhdr}
? 
! Undefined control sequence.
l.6 \usepackage
               {tocloft}
? 
! Undefined control sequence.
l.7 \usepackage
               {titlesec}
? 
! Undefined control sequence.
l.8 \usepackage
               {hyperref}
? 
! Undefined control sequence.
l.9 \usepackage
               {amssymb}
? 
! Undefined control sequence.
l.10 \usepackage
                {url}
? 
! Undefined control sequence.
l.11 \usepackage
                {indentfirst}
? 
! Undefined control sequence.
l.12 \usepackage
                {graphicx}
? 
! Undefined control sequence.
l.13 \usepackage
                {listings}
? 
! Undefined control sequence.
l.14 \usepackage
                {amsmath}
? 
! Undefined control sequence.
l.15 \usepackage
                [all]{xy}
? 
! Undefined control sequence.
l.16 \usepackage
                [font=footnotesize, labelfont={footnotesize,footnotesize}, m...

? 
! Undefined control sequence.
l.17 \usepackage
                {amsfonts}
? 
! Undefined control sequence.
l.18 \usepackage
                {fixltx2e}
? 
! Undefined control sequence.
l.19 \usepackage
                {hyperref}
? 
! Undefined control sequence.
l.20 \usepackage
                {stmaryrd}
? 

Overfull \hbox (81.9962pt too wide) in paragraph at lines 1--21
\tenrm tlesec hy-per-ref amssymb url in-dent-first graph-icx list-ings ams-math
 [all]xy [font=footnotesize, la-bel-font=footnotesize,footnotesize,|

\hbox(7.5+2.5)x469.75499, glue set - 1.0
.\tenrm t
.\tenrm l
.\tenrm e
.\tenrm s
.\tenrm e
.etc.

! Undefined control sequence.
l.22 \fancypagestyle
                    {plain} {
? 
! Undefined control sequence.
l.23 	\fancyhf
              {}
? 
! Undefined control sequence.
l.24 	\lhead
            [\rightmark]{\thepage}
? 
! Undefined control sequence.
l.24 	\lhead[\rightmark
                       ]{\thepage}
? 
! Undefined control sequence.
l.24 	\lhead[\rightmark]{\thepage
                                 }
? 
! Undefined control sequence.
l.25 	\rhead
            [\thepage]{\leftmark}
? 
! Undefined control sequence.
l.25 	\rhead[\thepage
                     ]{\leftmark}
? 
! Undefined control sequence.
l.25 	\rhead[\thepage]{\leftmark
                                }
? 
! Undefined control sequence.
l.26 	\setlength
                {\parindent}{0pt}
? 
! Missing number, treated as zero.
<to be read again> 
                   }
l.26 	\setlength{\parindent}
                            {0pt}
? 
! Illegal unit of measure (pt inserted).
<to be read again> 
                   }
l.26 	\setlength{\parindent}
                            {0pt}
? 
! Undefined control sequence.
l.27 	\setlength
                {\parskip}{2ex}
? 
! Missing number, treated as zero.
<to be read again> 
                   }
l.27 	\setlength{\parskip}
                          {2ex}
? 
! Illegal unit of measure (pt inserted).
<to be read again> 
                   }
l.27 	\setlength{\parskip}
                          {2ex}
? 
! Undefined control sequence.
l.30 \setlength
               {\parskip}{2ex}
? 
! Missing number, treated as zero.
<to be read again> 
                   }
l.30 \setlength{\parskip}
                         {2ex}
? 
! Illegal unit of measure (pt inserted).
<to be read again> 
                   }
l.30 \setlength{\parskip}
                         {2ex}
? 
! Undefined control sequence.
l.32 \hypersetup
                {
? 

Overfull \hbox (29.4129pt too wide) in paragraph at lines 33--48
[]\tenrm bookmarks=true, uni-code=false, pdftool-bar=true, pdf-menubar=true, pd
f-fitwin-dow=false, pdf-s-tartview=FitH,|

\hbox(6.94444+1.94444)x469.75499, glue set - 1.0
.\hbox(0.0+0.0)x20.0
.\tenrm b
.\kern0.27779
.\tenrm o
.\kern0.27779
.etc.

! Undefined control sequence.
l.49 \renewcommand
                  {\filename}[1]{\texttt{#1}}
? 
! Undefined control sequence.
l.49 \renewcommand{\filename
                            }[1]{\texttt{#1}}
? 
! Undefined control sequence.
l.49 \renewcommand{\filename}[1]{\texttt
                                        {#1}}
? 
! You can't use `macro parameter character #' in horizontal mode.
l.49 \renewcommand{\filename}[1]{\texttt{#
                                          1}}
? 
! Undefined control sequence.
l.50 \newcommand
                {\function}[1]{\textbf{#1}}
? 
! Undefined control sequence.
l.50 \newcommand{\function
                          }[1]{\textbf{#1}}
? 
! Undefined control sequence.
l.50 \newcommand{\function}[1]{\textbf
                                      {#1}}
? 
! You can't use `macro parameter character #' in horizontal mode.
l.50 \newcommand{\function}[1]{\textbf{#
                                        1}}
? 
! Undefined control sequence.
l.51 \newcommand
                {\type}[1]{\texttt{#1}}
? 
! Undefined control sequence.
l.51 \newcommand{\type
                      }[1]{\texttt{#1}}
? 
! Undefined control sequence.
l.51 \newcommand{\type}[1]{\texttt
                                  {#1}}
? 
! You can't use `macro parameter character #' in horizontal mode.
l.51 \newcommand{\type}[1]{\texttt{#
                                    1}}
? 
! Undefined control sequence.
l.52 \newcommand
                {\variable}[1]{\textsl{#1}}
? 
! Undefined control sequence.
l.52 \newcommand{\variable
                          }[1]{\textsl{#1}}
? 
! Undefined control sequence.
l.52 \newcommand{\variable}[1]{\textsl
                                      {#1}}
? 
! You can't use `macro parameter character #' in horizontal mode.
l.52 \newcommand{\variable}[1]{\textsl{#
                                        1}}
? 
! Undefined control sequence.
l.55 \titlespacing
                  {\section}{0pt}{0pt}{0pt}
? 
! Undefined control sequence.
l.55 \titlespacing{\section
                           }{0pt}{0pt}{0pt}
? 
! Undefined control sequence.
l.57 \begin
           {document}
? 
! Undefined control sequence.
l.59 \setcounter
                {page}{-100}
? 
! Undefined control sequence.
l.60 \date
          {}
? 
! Undefined control sequence.
l.61 \title
           {\textbf{Quotient Containers in\\ Homotopy Type Theory\\}
? 
! Undefined control sequence.
l.61 \title{\textbf
                   {Quotient Containers in\\ Homotopy Type Theory\\}
? 
! Argument of \\ has an extra }.
<inserted text> 
                \par 
<to be read again> 
                   }
l.61 ...nt Containers in\\ Homotopy Type Theory\\}
                                                  
? 
Runaway argument?
 Homotopy Type Theory\\
! Paragraph ended before \\ was complete.
<to be read again> 
                   \par 
<to be read again> 
                   }
l.61 ...nt Containers in\\ Homotopy Type Theory\\}
                                                  
? 
! Argument of \\ has an extra }.
<inserted text> 
                \par 
<to be read again> 
                   }
l.70 }
      
? 
Runaway argument?
 \vspace {10pt} { \large \textit {School of Computer Science and Info\ETC.
! Paragraph ended before \\ was complete.
<to be read again> 
                   \par 
<to be read again> 
                   }
l.70 }
      
? 
! Undefined control sequence.
l.71 \author
            {Submitted May 2014 in partial fulfilment of the conditions of\\
? 
! Argument of \\ has an extra }.
<inserted text> 
                \par 
<to be read again> 
                   }
l.79 }
      
? 
Runaway argument?
 the award of the degree of BSc (Hons) Computer Science.\\ \\ I hereb\ETC.
! Paragraph ended before \\ was complete.
<to be read again> 
                   \par 
<to be read again> 
                   }
l.79 }
      
? 
! Undefined control sequence.
l.81 \thispagestyle
                   {empty}
? 
! Undefined control sequence.
l.82 \maketitle
               
? 
! Undefined control sequence.
l.84 \tableofcontents
                     
? 
! Undefined control sequence.
l.86 \pagestyle
               {fancy}
? 
! Undefined control sequence.
l.87 \pagenumbering
                   {arabic}
? 
! Undefined control sequence.
l.88 \lhead
           []{\thepage}
? 
! Undefined control sequence.
l.88 \lhead[]{\thepage
                      }
? 
! Undefined control sequence.
l.89 \rhead
           [\thepage]{}
? 
! Undefined control sequence.
l.89 \rhead[\thepage
                    ]{}
? 
! Undefined control sequence.
l.91 \part
          {Introduction}
? 
! Undefined control sequence.
l.93 \chapter
             {Abstract}
? 
! Undefined control sequence.
l.96 ...ltiset container and implmented in \textit
                                                  {Agda}. The veracity of th...

? 
! Undefined control sequence.
l.98 \chapter
             {Acknowledgements}
? 
Runaway argument?
 Mum, Dad Tony\\ etc. \chapter {Motivation} 
! Paragraph ended before \\ was complete.
<to be read again> 
                   \par 
l.104 
      
? 
! Undefined control sequence.
l.105 \part
           {Research}
? 
! Undefined control sequence.
l.107 \chapter
              {Martin-L\"of Type Theory}
? 
! Undefined control sequence.
l.108 \section
              {Introduction}
? 
! Undefined control sequence.
l.110 MLTT is said to be \textit
                                {constructive} and \textit{intuitionistic} a...

? 
! Undefined control sequence.
l.110 ...d to be \textit{constructive} and \textit
                                                  {intuitionistic} as it rep...

? 
! Undefined control sequence.
l.110 ...assified by the basal notion of a \textit
                                                  {type} primitive --- objec...

? 
! Undefined control sequence.
l.111 \begin
            {center}
? 
[1{/usr/share/texmf-texlive/fonts/map/pdftex/updmap/pdftex.map}] )</usr/share/t
exmf-texlive/fonts/type1/public/amsfonts/cm/cmmi10.pfb></usr/share/texmf-texliv
e/fonts/type1/public/amsfonts/cm/cmr10.pfb></usr/share/texmf-texlive/fonts/type
1/public/amsfonts/cm/cmsy10.pfb>
Output written on dissertation.pdf (1 page, 40517 bytes).
PDF statistics:
 18 PDF objects out of 1000 (max. 8388607)
 0 named destinations out of 1000 (max. 500000)
 1 words of extra memory for PDF output out of 10000 (max. 10000000)

