\BOOKMARK [-1][-]{part.1}{I Introduction}{}
\BOOKMARK [0][-]{chapter.1}{Abstract}{part.1}
\BOOKMARK [0][-]{chapter.2}{Acknowledgements}{part.1}
\BOOKMARK [0][-]{chapter.3}{Motivation}{part.1}
\BOOKMARK [-1][-]{part.2}{II Research}{}
\BOOKMARK [0][-]{chapter.4}{Martin-L\366f Type Theory}{part.2}
\BOOKMARK [1][-]{section.4.1}{Introduction}{chapter.4}
\BOOKMARK [1][-]{section.4.2}{Basic Constructions}{chapter.4}
\BOOKMARK [1][-]{section.4.3}{Type Connectives}{chapter.4}
\BOOKMARK [2][-]{subsection.4.3.1}{Finite Types}{section.4.3}
\BOOKMARK [2][-]{subsection.4.3.2}{Product Types}{section.4.3}
\BOOKMARK [2][-]{subsection.4.3.3}{Coproduct Types}{section.4.3}
\BOOKMARK [2][-]{subsection.4.3.4}{-Types}{section.4.3}
\BOOKMARK [2][-]{subsection.4.3.5}{-Types}{section.4.3}
\BOOKMARK [2][-]{subsection.4.3.6}{Identity Types}{section.4.3}
\BOOKMARK [2][-]{subsection.4.3.7}{Inductive Types}{section.4.3}
\BOOKMARK [2][-]{subsection.4.3.8}{Universes}{section.4.3}
\BOOKMARK [2][-]{subsection.4.3.9}{Propositions as Types}{section.4.3}
\BOOKMARK [1][-]{section.4.4}{Equality proofs form a groupoid?}{chapter.4}
\BOOKMARK [0][-]{chapter.5}{Homotopy Type Theory}{part.2}
\BOOKMARK [1][-]{section.5.1}{Introduction}{chapter.5}
\BOOKMARK [1][-]{section.5.2}{Key Concepts in Homotopy Type Theory}{chapter.5}
\BOOKMARK [2][-]{subsection.5.2.1}{Types and their Inhabitants}{section.5.2}
\BOOKMARK [2][-]{subsection.5.2.2}{Equality}{section.5.2}
\BOOKMARK [2][-]{subsection.5.2.3}{Functions}{section.5.2}
\BOOKMARK [2][-]{subsection.5.2.4}{Dependent types}{section.5.2}
\BOOKMARK [2][-]{subsection.5.2.5}{Higher Inductive Types}{section.5.2}
\BOOKMARK [1][-]{section.5.3}{Summary}{chapter.5}
\BOOKMARK [0][-]{chapter.6}{Containers}{part.2}
\BOOKMARK [1][-]{section.6.1}{Introduction}{chapter.6}
\BOOKMARK [1][-]{section.6.2}{Definition}{chapter.6}
\BOOKMARK [2][-]{subsection.6.2.1}{List Container}{section.6.2}
\BOOKMARK [1][-]{section.6.3}{Category of Containers}{chapter.6}
\BOOKMARK [1][-]{section.6.4}{Quotient Containers}{chapter.6}
\BOOKMARK [2][-]{subsection.6.4.1}{Definition}{section.6.4}
\BOOKMARK [2][-]{subsection.6.4.2}{Extention}{section.6.4}
\BOOKMARK [0][-]{chapter.7}{ for Data}{part.2}
\BOOKMARK [1][-]{section.7.1}{Differentiating Data Structures}{chapter.7}
\BOOKMARK [2][-]{subsection.7.1.1}{Differentiation of a List}{section.7.1}
\BOOKMARK [1][-]{section.7.2}{Differentiating Containers}{chapter.7}
\BOOKMARK [2][-]{subsection.7.2.1}{Differentiation of a List Container}{section.7.2}
\BOOKMARK [0][-]{chapter.8}{Agda}{part.2}
\BOOKMARK [-1][-]{part.3}{III Quotient Containers in Homotopy Type Theory}{}
\BOOKMARK [0][-]{chapter.9}{Implementation}{part.3}
\BOOKMARK [-1][-]{part.4}{IV Conclusions}{}
\BOOKMARK [0][-]{chapter.10}{Evaluation}{part.4}
\BOOKMARK [0][-]{chapter.11}{Conclusion}{part.4}
\BOOKMARK [0][-]{chapter.12}{Further Work}{part.4}
\BOOKMARK [0][-]{section*.3}{Bibliography}{part.4}
\BOOKMARK [0][-]{section*.5}{Appendix}{part.4}
\BOOKMARK [0][-]{chapter.13}{Appendix}{part.4}
